Tue Oct 19 11:26:34 2021: Running xcd server. This server was built by gradle.
Tue Oct 19 11:26:34 2021: Server was asked to start on port: '34327'
Tue Oct 19 11:26:34 2021: Server is using token UUID: 'cde2f02c-96de-42aa-8ce6-9ee3bf72c193'
Tue Oct 19 11:26:34 2021: SESSION_MGR: creating session with session uuid: '6d04a3e9-ade5-4ab9-8d63-1f78fcd2ec76' and name 'default'
Tue Oct 19 11:26:34 2021: Attempting to start server on port '34327'
Tue Oct 19 11:26:34 2021: XCD main fifo: created main fifo '/tmp/xcdmaincde2f02c-96de-42aa-8ce6-9ee3bf72c193', fd read = 13
Tue Oct 19 11:26:34 2021: Running Dispatch Server
Tue Oct 19 11:26:34 2021: Version 2.2.0
Tue Oct 19 11:26:43 2021: Dispatch Server: Accepted socket connection from client
Tue Oct 19 11:26:43 2021: Starting Socket connection
Tue Oct 19 11:26:43 2021: EXCHANGE_TOKEN received, server token: cde2f02c-96de-42aa-8ce6-9ee3bf72c193, passed token: cde2f02c-96de-42aa-8ce6-9ee3bf72c193
Tue Oct 19 11:26:44 2021: DISPATCH_HANDLER: Adding handler from function makeHandler in library libxv_system_diagram
Tue Oct 19 11:26:44 2021: SESSION_MGR: creating session with session uuid: 'da6332b4-2350-4e8b-bd8f-da5e797730cb' and name 'v++_package_kernel'
Tue Oct 19 11:26:44 2021: KERNEL_SVC: creating session with uuid: 'da6332b4-2350-4e8b-bd8f-da5e797730cb' and name 'v++_package_kernel'
Tue Oct 19 11:26:44 2021: GUIDANCE_SMGR: creating guidance session with uuid: 'da6332b4-2350-4e8b-bd8f-da5e797730cb' and name 'v++_package_kernel'
Tue Oct 19 11:26:44 2021: SYSTEM_DIAGRAM_SMGR: creating diagram session with uuid: 'da6332b4-2350-4e8b-bd8f-da5e797730cb' and name 'v++_package_kernel'
Tue Oct 19 11:26:50 2021: SESSION_MGR: closing session for UUID 'da6332b4-2350-4e8b-bd8f-da5e797730cb' with name 'v++_package_kernel'
Tue Oct 19 11:26:50 2021: KERNEL_SVC: closing session for UUID 'da6332b4-2350-4e8b-bd8f-da5e797730cb' with name 'v++_package_kernel'
Tue Oct 19 11:26:50 2021: GUIDANCE_SMGR: closing session for UUID 'da6332b4-2350-4e8b-bd8f-da5e797730cb' with name 'v++_package_kernel'
Tue Oct 19 11:26:50 2021: SYSTEM_DIAGRAM_SMGR: closing session for UUID 'da6332b4-2350-4e8b-bd8f-da5e797730cb' with name 'v++_package_kernel'
