Tue Oct 19 19:59:39 2021: Running xcd server. This server was built by gradle.
Tue Oct 19 19:59:39 2021: Server was asked to start on port: '32807'
Tue Oct 19 19:59:39 2021: Server is using token UUID: '9c21a2ec-c9a6-4355-a62d-6c2242c74320'
Tue Oct 19 19:59:39 2021: SESSION_MGR: creating session with session uuid: '6d04a3e9-ade5-4ab9-8d63-1f78fcd2ec76' and name 'default'
Tue Oct 19 19:59:39 2021: Attempting to start server on port '32807'
Tue Oct 19 19:59:39 2021: XCD main fifo: created main fifo '/tmp/xcdmain9c21a2ec-c9a6-4355-a62d-6c2242c74320', fd read = 13
Tue Oct 19 19:59:39 2021: Running Dispatch Server
Tue Oct 19 19:59:39 2021: Version 2.2.0
Tue Oct 19 19:59:48 2021: Dispatch Server: Accepted socket connection from client
Tue Oct 19 19:59:48 2021: Starting Socket connection
Tue Oct 19 19:59:48 2021: EXCHANGE_TOKEN received, server token: 9c21a2ec-c9a6-4355-a62d-6c2242c74320, passed token: 9c21a2ec-c9a6-4355-a62d-6c2242c74320
Tue Oct 19 19:59:49 2021: DISPATCH_HANDLER: Adding handler from function makeHandler in library libxv_system_diagram
Tue Oct 19 19:59:49 2021: SESSION_MGR: creating session with session uuid: '14cb7eb7-4872-4bcd-b689-bf9aa7d79ed5' and name 'v++_package_kernel'
Tue Oct 19 19:59:49 2021: KERNEL_SVC: creating session with uuid: '14cb7eb7-4872-4bcd-b689-bf9aa7d79ed5' and name 'v++_package_kernel'
Tue Oct 19 19:59:49 2021: GUIDANCE_SMGR: creating guidance session with uuid: '14cb7eb7-4872-4bcd-b689-bf9aa7d79ed5' and name 'v++_package_kernel'
Tue Oct 19 19:59:49 2021: SYSTEM_DIAGRAM_SMGR: creating diagram session with uuid: '14cb7eb7-4872-4bcd-b689-bf9aa7d79ed5' and name 'v++_package_kernel'
Tue Oct 19 19:59:54 2021: SESSION_MGR: closing session for UUID '14cb7eb7-4872-4bcd-b689-bf9aa7d79ed5' with name 'v++_package_kernel'
Tue Oct 19 19:59:54 2021: KERNEL_SVC: closing session for UUID '14cb7eb7-4872-4bcd-b689-bf9aa7d79ed5' with name 'v++_package_kernel'
Tue Oct 19 19:59:54 2021: GUIDANCE_SMGR: closing session for UUID '14cb7eb7-4872-4bcd-b689-bf9aa7d79ed5' with name 'v++_package_kernel'
Tue Oct 19 19:59:54 2021: SYSTEM_DIAGRAM_SMGR: closing session for UUID '14cb7eb7-4872-4bcd-b689-bf9aa7d79ed5' with name 'v++_package_kernel'
