Fri Oct  8 09:07:48 2021: Server was asked to start on port: '34209'
Fri Oct  8 09:07:48 2021: Server is using token UUID: 'ba644a2a-64c3-4e30-a374-c279559c4c5b'
Fri Oct  8 09:07:48 2021: Attempting to start server on port '34209'
Fri Oct  8 09:07:48 2021: XRC main fifo: created main fifo '/tmp/xrcmainba644a2a-64c3-4e30-a374-c279559c4c5b', fd read = 11
Fri Oct  8 09:07:48 2021: Running Rule Check Server
Fri Oct  8 09:07:48 2021: Version 1.6.1
Fri Oct  8 09:07:49 2021: Rule Check Server: Accepted socket connection from client
Fri Oct  8 09:07:49 2021: EXCHANGE_TOKEN received, server token: ba644a2a-64c3-4e30-a374-c279559c4c5b, passed token: ba644a2a-64c3-4e30-a374-c279559c4c5b
Fri Oct  8 09:12:02 2021: SESSION_MGR: creating session with session uuid: 'c156202e-1892-488d-8364-b2dbddc6b0db' and name 'Emulation-SW'
Fri Oct  8 09:12:03 2021: SESSION_MGR: closing session for UUID 'c156202e-1892-488d-8364-b2dbddc6b0db' with name 'Emulation-SW'
Fri Oct  8 09:12:21 2021: SESSION_MGR: creating session with session uuid: 'ebfe86d7-006d-4b75-9b08-aa60d535d841' and name 'Emulation-SW'
Fri Oct  8 09:12:34 2021: Rule Check Server: Accepted socket connection from client
Fri Oct  8 09:12:47 2021: SESSION_MGR: closing session for UUID 'ebfe86d7-006d-4b75-9b08-aa60d535d841' with name 'Emulation-SW'
Fri Oct  8 09:12:50 2021: SESSION_MGR: creating session with session uuid: '4f8244d7-ec77-4d02-b7b6-2249d07b5e7f' and name 'Emulation-SW'
Fri Oct  8 09:13:03 2021: Rule Check Server: Accepted socket connection from client
Fri Oct  8 09:13:10 2021: SESSION_MGR: closing session for UUID '4f8244d7-ec77-4d02-b7b6-2249d07b5e7f' with name 'Emulation-SW'
Fri Oct  8 09:13:37 2021: SESSION_MGR: creating session with session uuid: '54dd486d-c020-46e6-9558-8f70139ce15a' and name 'SystemDebugger_my_vadd_system_1_my_vadd'
Fri Oct  8 09:13:49 2021: SESSION_MGR: closing session for UUID '54dd486d-c020-46e6-9558-8f70139ce15a' with name 'SystemDebugger_my_vadd_system_1_my_vadd'
Fri Oct  8 09:21:49 2021: SESSION_MGR: creating session with session uuid: '1d739c79-0ad5-4bbb-8129-48e125245ff0' and name 'Emulation-SW'
Fri Oct  8 09:21:49 2021: SESSION_MGR: closing session for UUID '1d739c79-0ad5-4bbb-8129-48e125245ff0' with name 'Emulation-SW'
Fri Oct  8 09:21:51 2021: SESSION_MGR: creating session with session uuid: 'e470471e-de64-4aba-81b0-f03a0ccff80e' and name 'Emulation-SW'
Fri Oct  8 09:21:51 2021: SESSION_MGR: closing session for UUID 'e470471e-de64-4aba-81b0-f03a0ccff80e' with name 'Emulation-SW'
Fri Oct  8 09:21:53 2021: SESSION_MGR: creating session with session uuid: 'a8c69119-1fb5-4b43-9cc7-0cf193db4627' and name 'Emulation-SW'
Fri Oct  8 09:21:54 2021: SESSION_MGR: closing session for UUID 'a8c69119-1fb5-4b43-9cc7-0cf193db4627' with name 'Emulation-SW'
Fri Oct  8 09:22:22 2021: SESSION_MGR: creating session with session uuid: '9aae2983-ca17-4e44-8c81-b252033ba6a2' and name 'SystemDebugger_my_vadd_system_2_my_vadd'
Fri Oct  8 09:22:34 2021: SESSION_MGR: closing session for UUID '9aae2983-ca17-4e44-8c81-b252033ba6a2' with name 'SystemDebugger_my_vadd_system_2_my_vadd'
Fri Oct  8 09:27:44 2021: SESSION_MGR: creating session with session uuid: 'a3ef4be8-058e-419e-90ce-75ab08ecb88c' and name 'Emulation-SW'
Fri Oct  8 09:27:44 2021: SESSION_MGR: closing session for UUID 'a3ef4be8-058e-419e-90ce-75ab08ecb88c' with name 'Emulation-SW'
Fri Oct  8 09:28:31 2021: SESSION_MGR: creating session with session uuid: '782410ce-4169-4b14-b85b-b89eb0b1bbdc' and name 'Emulation-SW'
Fri Oct  8 09:28:32 2021: SESSION_MGR: closing session for UUID '782410ce-4169-4b14-b85b-b89eb0b1bbdc' with name 'Emulation-SW'
Fri Oct  8 09:35:59 2021: SESSION_MGR: creating session with session uuid: '0ac21269-40b6-4dbe-b70e-519d70c0f440' and name 'Emulation-SW'
Fri Oct  8 09:36:00 2021: SESSION_MGR: closing session for UUID '0ac21269-40b6-4dbe-b70e-519d70c0f440' with name 'Emulation-SW'
Fri Oct  8 09:37:46 2021: SESSION_MGR: creating session with session uuid: 'a7762740-db8c-47e9-8e3b-4a227ddf935d' and name 'Emulation-SW'
Fri Oct  8 09:37:47 2021: SESSION_MGR: closing session for UUID 'a7762740-db8c-47e9-8e3b-4a227ddf935d' with name 'Emulation-SW'
Fri Oct  8 09:37:51 2021: SESSION_MGR: creating session with session uuid: '8a00a4f3-2bee-4969-a063-7d60cb9b812f' and name 'Emulation-SW'
Fri Oct  8 09:37:51 2021: SESSION_MGR: closing session for UUID '8a00a4f3-2bee-4969-a063-7d60cb9b812f' with name 'Emulation-SW'
Fri Oct  8 09:37:53 2021: SESSION_MGR: creating session with session uuid: 'dd754312-f47a-46e1-985a-9fccb6549852' and name 'Emulation-SW'
Fri Oct  8 09:37:53 2021: SESSION_MGR: closing session for UUID 'dd754312-f47a-46e1-985a-9fccb6549852' with name 'Emulation-SW'
Fri Oct  8 09:38:45 2021: SESSION_MGR: creating session with session uuid: '6d2d0226-7ab1-43cc-a2fe-3d0ae388fd4b' and name 'SystemDebugger_my_vadd_system_3_my_vadd'
Fri Oct  8 09:38:47 2021: SESSION_MGR: closing session for UUID '6d2d0226-7ab1-43cc-a2fe-3d0ae388fd4b' with name 'SystemDebugger_my_vadd_system_3_my_vadd'
Fri Oct  8 09:39:57 2021: SESSION_MGR: creating session with session uuid: 'fd363f49-2e04-47cc-a2ea-059be41e9896' and name 'Emulation-SW'
Fri Oct  8 09:39:59 2021: SESSION_MGR: closing session for UUID 'fd363f49-2e04-47cc-a2ea-059be41e9896' with name 'Emulation-SW'
Fri Oct  8 09:40:00 2021: SESSION_MGR: creating session with session uuid: '5ac773b8-6ccc-41c2-8d59-595067d6af8d' and name 'Emulation-SW'
Fri Oct  8 09:40:00 2021: SESSION_MGR: closing session for UUID '5ac773b8-6ccc-41c2-8d59-595067d6af8d' with name 'Emulation-SW'
Fri Oct  8 09:40:02 2021: SESSION_MGR: creating session with session uuid: '14a19097-8b32-47cb-83f4-592ec4c279d8' and name 'Emulation-SW'
Fri Oct  8 09:40:02 2021: SESSION_MGR: closing session for UUID '14a19097-8b32-47cb-83f4-592ec4c279d8' with name 'Emulation-SW'
Fri Oct  8 09:40:50 2021: SESSION_MGR: creating session with session uuid: '9a53fd6c-a825-4a0e-83b8-6fcacdfea689' and name 'SystemDebugger_my_vadd_system_4_my_vadd'
Fri Oct  8 09:40:52 2021: SESSION_MGR: closing session for UUID '9a53fd6c-a825-4a0e-83b8-6fcacdfea689' with name 'SystemDebugger_my_vadd_system_4_my_vadd'
Fri Oct  8 09:44:01 2021: SESSION_MGR: creating session with session uuid: '9c229a34-5c73-474c-8f5a-c5c5fe431a3a' and name 'Emulation-SW'
Fri Oct  8 09:44:02 2021: SESSION_MGR: closing session for UUID '9c229a34-5c73-474c-8f5a-c5c5fe431a3a' with name 'Emulation-SW'
Fri Oct  8 09:44:06 2021: SESSION_MGR: creating session with session uuid: '4460176d-68f3-48e4-9687-3b7f23813aae' and name 'Emulation-SW'
Fri Oct  8 09:44:06 2021: SESSION_MGR: closing session for UUID '4460176d-68f3-48e4-9687-3b7f23813aae' with name 'Emulation-SW'
Fri Oct  8 09:44:07 2021: SESSION_MGR: creating session with session uuid: 'f37cee1f-4e45-41a2-ac24-213b03650609' and name 'Emulation-SW'
Fri Oct  8 09:44:08 2021: SESSION_MGR: closing session for UUID 'f37cee1f-4e45-41a2-ac24-213b03650609' with name 'Emulation-SW'
Fri Oct  8 09:44:44 2021: SESSION_MGR: creating session with session uuid: '964bba49-e20b-4bd6-9a03-acbe919c7dfc' and name 'SystemDebugger_my_vadd_system_5_my_vadd'
Fri Oct  8 09:44:56 2021: SESSION_MGR: closing session for UUID '964bba49-e20b-4bd6-9a03-acbe919c7dfc' with name 'SystemDebugger_my_vadd_system_5_my_vadd'
Fri Oct  8 09:50:57 2021: SESSION_MGR: creating session with session uuid: 'f10b1f07-282e-43a6-ae8c-12c64fc6a1cd' and name 'Emulation-SW'
Fri Oct  8 09:51:03 2021: SESSION_MGR: closing session for UUID 'f10b1f07-282e-43a6-ae8c-12c64fc6a1cd' with name 'Emulation-SW'
Fri Oct  8 09:51:07 2021: SESSION_MGR: creating session with session uuid: '7025cceb-7f21-4a08-a3e6-db6c0b147ad9' and name 'Emulation-SW'
Fri Oct  8 09:51:20 2021: Rule Check Server: Accepted socket connection from client
Fri Oct  8 09:51:32 2021: SESSION_MGR: closing session for UUID '7025cceb-7f21-4a08-a3e6-db6c0b147ad9' with name 'Emulation-SW'
Fri Oct  8 09:51:37 2021: SESSION_MGR: creating session with session uuid: '5867a433-b5f5-4065-9b66-4ab37a4389b6' and name 'Emulation-SW'
Fri Oct  8 09:51:50 2021: Rule Check Server: Accepted socket connection from client
Fri Oct  8 09:51:57 2021: SESSION_MGR: closing session for UUID '5867a433-b5f5-4065-9b66-4ab37a4389b6' with name 'Emulation-SW'
Fri Oct  8 09:52:29 2021: SESSION_MGR: creating session with session uuid: '2daf6c04-c055-4f41-8150-ec460be2df26' and name 'SystemDebugger_myvadd_system_myvadd'
Fri Oct  8 09:52:31 2021: SESSION_MGR: closing session for UUID '2daf6c04-c055-4f41-8150-ec460be2df26' with name 'SystemDebugger_myvadd_system_myvadd'
Fri Oct  8 10:03:17 2021: SESSION_MGR: creating session with session uuid: '23e7083a-baee-4c06-836b-971a2a95856c' and name 'Emulation-SW'
Fri Oct  8 10:03:17 2021: SESSION_MGR: closing session for UUID '23e7083a-baee-4c06-836b-971a2a95856c' with name 'Emulation-SW'
Fri Oct  8 10:03:19 2021: SESSION_MGR: creating session with session uuid: 'cdc6bf27-4f6e-4bb1-8444-4a66b7b62d18' and name 'Emulation-SW'
Fri Oct  8 10:03:19 2021: SESSION_MGR: closing session for UUID 'cdc6bf27-4f6e-4bb1-8444-4a66b7b62d18' with name 'Emulation-SW'
Fri Oct  8 10:03:21 2021: SESSION_MGR: creating session with session uuid: 'b827f84e-04b6-4472-888d-b9654b1e125b' and name 'Emulation-SW'
Fri Oct  8 10:03:21 2021: SESSION_MGR: closing session for UUID 'b827f84e-04b6-4472-888d-b9654b1e125b' with name 'Emulation-SW'
Fri Oct  8 10:18:47 2021: SESSION_MGR: creating session with session uuid: 'b12e9968-1496-4e8e-a508-5c7a5fa8ec8d' and name 'Emulation-SW'
Fri Oct  8 10:18:48 2021: SESSION_MGR: closing session for UUID 'b12e9968-1496-4e8e-a508-5c7a5fa8ec8d' with name 'Emulation-SW'
Fri Oct  8 10:21:44 2021: SESSION_MGR: creating session with session uuid: 'dadb13d5-d56b-43b8-a744-0c7aeb415603' and name 'Emulation-SW'
Fri Oct  8 10:21:45 2021: SESSION_MGR: closing session for UUID 'dadb13d5-d56b-43b8-a744-0c7aeb415603' with name 'Emulation-SW'
Fri Oct  8 10:23:26 2021: SESSION_MGR: creating session with session uuid: 'e12102c5-ceea-4e88-94ac-7f73891030fb' and name 'Emulation-SW'
Fri Oct  8 10:23:27 2021: SESSION_MGR: closing session for UUID 'e12102c5-ceea-4e88-94ac-7f73891030fb' with name 'Emulation-SW'
Fri Oct  8 10:23:29 2021: SESSION_MGR: creating session with session uuid: '7dbc6a3a-2151-457d-a046-ba82bcd6fbd0' and name 'Emulation-SW'
Fri Oct  8 10:23:29 2021: SESSION_MGR: closing session for UUID '7dbc6a3a-2151-457d-a046-ba82bcd6fbd0' with name 'Emulation-SW'
Fri Oct  8 10:23:32 2021: SESSION_MGR: creating session with session uuid: 'afb0ca98-7832-4709-b5dc-55fa6fb297c9' and name 'Emulation-SW'
Fri Oct  8 10:23:32 2021: SESSION_MGR: closing session for UUID 'afb0ca98-7832-4709-b5dc-55fa6fb297c9' with name 'Emulation-SW'
Fri Oct  8 10:25:13 2021: SESSION_MGR: creating session with session uuid: '7c93ea9a-6b26-45d1-8424-1e638e9314f4' and name 'SystemDebugger_myvadd_system_1_myvadd'
Fri Oct  8 10:25:13 2021: SESSION_MGR: closing session for UUID '7c93ea9a-6b26-45d1-8424-1e638e9314f4' with name 'SystemDebugger_myvadd_system_1_myvadd'
Fri Oct  8 10:25:57 2021: SESSION_MGR: creating session with session uuid: 'c6f8ce73-5596-4e24-b640-247a29b03aab' and name 'SystemDebugger_myvadd_system_1_myvadd'
Fri Oct  8 10:25:59 2021: SESSION_MGR: closing session for UUID 'c6f8ce73-5596-4e24-b640-247a29b03aab' with name 'SystemDebugger_myvadd_system_1_myvadd'
Fri Oct  8 10:26:47 2021: SESSION_MGR: creating session with session uuid: '5367c056-6005-478c-a70b-1321ac09497a' and name 'SystemDebugger_myvadd_system_1_myvadd'
Fri Oct  8 10:26:48 2021: SESSION_MGR: closing session for UUID '5367c056-6005-478c-a70b-1321ac09497a' with name 'SystemDebugger_myvadd_system_1_myvadd'
Fri Oct  8 10:40:47 2021: SESSION_MGR: creating session with session uuid: '7fc31ab1-6199-4bcd-8f73-c5e0b64ef89a' and name 'Emulation-HW'
Fri Oct  8 10:40:53 2021: SESSION_MGR: closing session for UUID '7fc31ab1-6199-4bcd-8f73-c5e0b64ef89a' with name 'Emulation-HW'
Fri Oct  8 10:40:58 2021: SESSION_MGR: creating session with session uuid: '7068ca74-ecd1-4b03-8d7a-ec391c1547af' and name 'Emulation-HW'
Fri Oct  8 10:41:11 2021: Rule Check Server: Accepted socket connection from client
Fri Oct  8 10:41:23 2021: Rule Check Server: Accepted socket connection from client
Fri Oct  8 10:41:38 2021: SESSION_MGR: closing session for UUID '7068ca74-ecd1-4b03-8d7a-ec391c1547af' with name 'Emulation-HW'
Fri Oct  8 10:41:43 2021: SESSION_MGR: creating session with session uuid: 'd2f1d8a1-8b80-41b1-beee-b9897201f975' and name 'Emulation-HW'
Fri Oct  8 10:41:56 2021: Rule Check Server: Accepted socket connection from client
Fri Oct  8 10:42:02 2021: Rule Check Server: Accepted socket connection from client
Fri Oct  8 10:42:36 2021: Rule Check Server: Accepted socket connection from client
Fri Oct  8 10:45:54 2021: SESSION_MGR: closing session for UUID 'd2f1d8a1-8b80-41b1-beee-b9897201f975' with name 'Emulation-HW'
Fri Oct  8 10:47:23 2021: SESSION_MGR: creating session with session uuid: '422061e3-909a-4b86-8885-5e338faa7b4a' and name 'SystemDebugger_myvadd_system_1_myvadd'
Fri Oct  8 10:48:16 2021: SESSION_MGR: closing session for UUID '422061e3-909a-4b86-8885-5e338faa7b4a' with name 'SystemDebugger_myvadd_system_1_myvadd'
Fri Oct  8 10:51:24 2021: STOP_SERVER received, server token: ba644a2a-64c3-4e30-a374-c279559c4c5b, passed token: ba644a2a-64c3-4e30-a374-c279559c4c5b
Fri Oct  8 10:51:24 2021: Socket received request to stop server.
Fri Oct  8 10:51:24 2021: SERVER: destructor for server bound to port 34209
Fri Oct  8 10:51:24 2021: XRC main fifo: Good unlink of /tmp/xrcmainba644a2a-64c3-4e30-a374-c279559c4c5b
Fri Oct  8 10:51:24 2021: Server exiting with status 0.
Fri Oct  8 10:51:24 2021: Closing log file.
