Sun Oct 24 09:42:50 2021: Running xcd server. This server was built by gradle.
Sun Oct 24 09:42:50 2021: Server was asked to start on port: '36881'
Sun Oct 24 09:42:50 2021: Server is using token UUID: '9fabdb27-9866-45a6-901e-6d90378421b5'
Sun Oct 24 09:42:50 2021: SESSION_MGR: creating session with session uuid: '6d04a3e9-ade5-4ab9-8d63-1f78fcd2ec76' and name 'default'
Sun Oct 24 09:42:50 2021: Attempting to start server on port '36881'
Sun Oct 24 09:42:50 2021: XCD main fifo: created main fifo '/tmp/xcdmain9fabdb27-9866-45a6-901e-6d90378421b5', fd read = 13
Sun Oct 24 09:42:50 2021: Running Dispatch Server
Sun Oct 24 09:42:50 2021: Version 2.2.0
Sun Oct 24 09:42:58 2021: Dispatch Server: Accepted socket connection from client
Sun Oct 24 09:42:58 2021: Starting Socket connection
Sun Oct 24 09:42:58 2021: EXCHANGE_TOKEN received, server token: 9fabdb27-9866-45a6-901e-6d90378421b5, passed token: 9fabdb27-9866-45a6-901e-6d90378421b5
Sun Oct 24 09:42:59 2021: DISPATCH_HANDLER: Adding handler from function makeHandler in library libxv_system_diagram
Sun Oct 24 09:42:59 2021: SESSION_MGR: creating session with session uuid: '74798737-e44b-4842-8256-579466081121' and name 'v++_package_kernel'
Sun Oct 24 09:42:59 2021: KERNEL_SVC: creating session with uuid: '74798737-e44b-4842-8256-579466081121' and name 'v++_package_kernel'
Sun Oct 24 09:42:59 2021: GUIDANCE_SMGR: creating guidance session with uuid: '74798737-e44b-4842-8256-579466081121' and name 'v++_package_kernel'
Sun Oct 24 09:42:59 2021: SYSTEM_DIAGRAM_SMGR: creating diagram session with uuid: '74798737-e44b-4842-8256-579466081121' and name 'v++_package_kernel'
Sun Oct 24 09:43:05 2021: SESSION_MGR: closing session for UUID '74798737-e44b-4842-8256-579466081121' with name 'v++_package_kernel'
Sun Oct 24 09:43:05 2021: KERNEL_SVC: closing session for UUID '74798737-e44b-4842-8256-579466081121' with name 'v++_package_kernel'
Sun Oct 24 09:43:05 2021: GUIDANCE_SMGR: closing session for UUID '74798737-e44b-4842-8256-579466081121' with name 'v++_package_kernel'
Sun Oct 24 09:43:05 2021: SYSTEM_DIAGRAM_SMGR: closing session for UUID '74798737-e44b-4842-8256-579466081121' with name 'v++_package_kernel'
